[13-May-2025 03:39:24 Europe/Berlin] PHP Fatal error:  Cannot redeclare sanitize_input() (previously declared in C:\xampp\htdocs\AM-Euro\listbackend.php:40) in C:\xampp\htdocs\AM-Euro\DB.php on line 31
[13-May-2025 03:39:24 Europe/Berlin] PHP Fatal error:  Cannot redeclare sanitize_input() (previously declared in C:\xampp\htdocs\AM-Euro\listbackend.php:40) in C:\xampp\htdocs\AM-Euro\DB.php on line 31
[13-May-2025 03:39:25 Europe/Berlin] PHP Fatal error:  Cannot redeclare sanitize_input() (previously declared in C:\xampp\htdocs\AM-Euro\listbackend.php:40) in C:\xampp\htdocs\AM-Euro\DB.php on line 31
[13-May-2025 03:42:49 Europe/Berlin] PHP Fatal error:  Cannot redeclare sanitize_input() (previously declared in C:\xampp\htdocs\AM-Euro\listbackend.php:40) in C:\xampp\htdocs\AM-Euro\DB.php on line 31
[13-May-2025 03:56:07 Europe/Berlin] PHP Fatal error:  Cannot redeclare sanitize_input() (previously declared in C:\xampp\htdocs\AM-Euro\listbackend.php:46) in C:\xampp\htdocs\AM-Euro\DB.php on line 31
[13-May-2025 03:56:07 Europe/Berlin] PHP Fatal error:  Cannot redeclare sanitize_input() (previously declared in C:\xampp\htdocs\AM-Euro\listbackend.php:46) in C:\xampp\htdocs\AM-Euro\DB.php on line 31
[13-May-2025 03:56:25 Europe/Berlin] PHP Fatal error:  Cannot redeclare sanitize_input() (previously declared in C:\xampp\htdocs\AM-Euro\listbackend.php:46) in C:\xampp\htdocs\AM-Euro\DB.php on line 31
[13-May-2025 03:56:26 Europe/Berlin] PHP Fatal error:  Cannot redeclare sanitize_input() (previously declared in C:\xampp\htdocs\AM-Euro\listbackend.php:46) in C:\xampp\htdocs\AM-Euro\DB.php on line 31
[13-May-2025 03:56:26 Europe/Berlin] PHP Fatal error:  Cannot redeclare sanitize_input() (previously declared in C:\xampp\htdocs\AM-Euro\listbackend.php:46) in C:\xampp\htdocs\AM-Euro\DB.php on line 31
[13-May-2025 03:56:26 Europe/Berlin] PHP Fatal error:  Cannot redeclare sanitize_input() (previously declared in C:\xampp\htdocs\AM-Euro\listbackend.php:46) in C:\xampp\htdocs\AM-Euro\DB.php on line 31
[13-May-2025 03:56:27 Europe/Berlin] PHP Fatal error:  Cannot redeclare sanitize_input() (previously declared in C:\xampp\htdocs\AM-Euro\listbackend.php:46) in C:\xampp\htdocs\AM-Euro\DB.php on line 31
[13-May-2025 04:01:10 Europe/Berlin] PHP Fatal error:  Cannot redeclare sanitize_input() (previously declared in C:\xampp\htdocs\AM-Euro\listbackend.php:61) in C:\xampp\htdocs\AM-Euro\DB.php on line 31
[13-May-2025 04:01:11 Europe/Berlin] PHP Fatal error:  Cannot redeclare sanitize_input() (previously declared in C:\xampp\htdocs\AM-Euro\listbackend.php:61) in C:\xampp\htdocs\AM-Euro\DB.php on line 31
[13-May-2025 04:01:11 Europe/Berlin] PHP Fatal error:  Cannot redeclare sanitize_input() (previously declared in C:\xampp\htdocs\AM-Euro\listbackend.php:61) in C:\xampp\htdocs\AM-Euro\DB.php on line 31
[13-May-2025 04:01:12 Europe/Berlin] PHP Fatal error:  Cannot redeclare sanitize_input() (previously declared in C:\xampp\htdocs\AM-Euro\listbackend.php:61) in C:\xampp\htdocs\AM-Euro\DB.php on line 31
[13-May-2025 04:01:12 Europe/Berlin] PHP Fatal error:  Cannot redeclare sanitize_input() (previously declared in C:\xampp\htdocs\AM-Euro\listbackend.php:61) in C:\xampp\htdocs\AM-Euro\DB.php on line 31
[13-May-2025 04:01:12 Europe/Berlin] PHP Fatal error:  Cannot redeclare sanitize_input() (previously declared in C:\xampp\htdocs\AM-Euro\listbackend.php:61) in C:\xampp\htdocs\AM-Euro\DB.php on line 31
[13-May-2025 04:01:13 Europe/Berlin] PHP Fatal error:  Cannot redeclare sanitize_input() (previously declared in C:\xampp\htdocs\AM-Euro\listbackend.php:61) in C:\xampp\htdocs\AM-Euro\DB.php on line 31
[13-May-2025 04:01:13 Europe/Berlin] PHP Fatal error:  Cannot redeclare sanitize_input() (previously declared in C:\xampp\htdocs\AM-Euro\listbackend.php:61) in C:\xampp\htdocs\AM-Euro\DB.php on line 31
[13-May-2025 04:01:13 Europe/Berlin] PHP Fatal error:  Cannot redeclare sanitize_input() (previously declared in C:\xampp\htdocs\AM-Euro\listbackend.php:61) in C:\xampp\htdocs\AM-Euro\DB.php on line 31
[13-May-2025 04:01:14 Europe/Berlin] PHP Fatal error:  Cannot redeclare sanitize_input() (previously declared in C:\xampp\htdocs\AM-Euro\listbackend.php:61) in C:\xampp\htdocs\AM-Euro\DB.php on line 31
[13-May-2025 04:01:14 Europe/Berlin] PHP Fatal error:  Cannot redeclare sanitize_input() (previously declared in C:\xampp\htdocs\AM-Euro\listbackend.php:61) in C:\xampp\htdocs\AM-Euro\DB.php on line 31
[13-May-2025 04:01:14 Europe/Berlin] PHP Fatal error:  Cannot redeclare sanitize_input() (previously declared in C:\xampp\htdocs\AM-Euro\listbackend.php:61) in C:\xampp\htdocs\AM-Euro\DB.php on line 31
[13-May-2025 04:01:14 Europe/Berlin] PHP Fatal error:  Cannot redeclare sanitize_input() (previously declared in C:\xampp\htdocs\AM-Euro\listbackend.php:61) in C:\xampp\htdocs\AM-Euro\DB.php on line 31
[13-May-2025 14:32:22 Europe/Berlin] PHP Warning:  Undefined variable $allRecords in C:\xampp\htdocs\AM-Euro\listbackend.php on line 161
[13-May-2025 14:36:14 Europe/Berlin] PHP Warning:  Undefined variable $allRecords in C:\xampp\htdocs\AM-Euro\listbackend.php on line 161
[13-May-2025 14:46:43 Europe/Berlin] SQL Query: SELECT 
                computer_No, department, Machine_type, user, computer_name, 
                ip, processor, MOBO, power_supply, ram, SSD, OS, MAC_Address, 
                deployment_date, last_updated, is_active
                FROM tblcomputer 
                 
                ORDER BY computer_No ASC LIMIT ? OFFSET ?
[13-May-2025 14:46:43 Europe/Berlin] All Records: false
[13-May-2025 14:46:43 Europe/Berlin] Parameter count: 2
[13-May-2025 14:46:46 Europe/Berlin] SQL Query: SELECT 
                computer_No, department, Machine_type, user, computer_name, 
                ip, processor, MOBO, power_supply, ram, SSD, OS, MAC_Address, 
                deployment_date, last_updated, is_active
                FROM tblcomputer 
                 
                ORDER BY computer_No ASC
[13-May-2025 14:46:46 Europe/Berlin] All Records: true
[13-May-2025 14:46:46 Europe/Berlin] Parameter count: 0
[13-May-2025 14:48:54 Europe/Berlin] PHP Warning:  Undefined variable $allRecords in C:\xampp\htdocs\AM-Euro\listbackend.php on line 161
[13-May-2025 14:48:56 Europe/Berlin] PHP Warning:  Undefined variable $allRecords in C:\xampp\htdocs\AM-Euro\listbackend.php on line 161
[13-May-2025 14:57:23 Europe/Berlin] PHP Warning:  Undefined variable $allRecords in C:\xampp\htdocs\AM-Euro\listbackend.php on line 161
[13-May-2025 14:59:02 Europe/Berlin] PHP Warning:  Undefined variable $allRecords in C:\xampp\htdocs\AM-Euro\listbackend.php on line 161
[13-May-2025 14:59:25 Europe/Berlin] PHP Warning:  Undefined variable $allRecords in C:\xampp\htdocs\AM-Euro\listbackend.php on line 161
[13-May-2025 14:59:43 Europe/Berlin] PHP Warning:  Undefined variable $allRecords in C:\xampp\htdocs\AM-Euro\listbackend.php on line 161
[13-May-2025 15:08:51 Europe/Berlin] PHP Warning:  Undefined variable $allRecords in C:\xampp\htdocs\AM-Euro\listbackend.php on line 161
[13-May-2025 15:10:02 Europe/Berlin] PHP Warning:  Undefined variable $allRecords in C:\xampp\htdocs\AM-Euro\listbackend.php on line 161
[13-May-2025 15:13:47 Europe/Berlin] PHP Warning:  Undefined variable $allRecords in C:\xampp\htdocs\AM-Euro\listbackend.php on line 161
[13-May-2025 15:14:15 Europe/Berlin] PHP Warning:  Undefined variable $allRecords in C:\xampp\htdocs\AM-Euro\listbackend.php on line 161
[13-May-2025 15:14:34 Europe/Berlin] PHP Warning:  Undefined variable $allRecords in C:\xampp\htdocs\AM-Euro\listbackend.php on line 161
[13-May-2025 15:15:03 Europe/Berlin] PHP Warning:  Undefined variable $allRecords in C:\xampp\htdocs\AM-Euro\listbackend.php on line 161
[13-May-2025 15:15:11 Europe/Berlin] PHP Warning:  Undefined variable $allRecords in C:\xampp\htdocs\AM-Euro\listbackend.php on line 161
[13-May-2025 15:15:25 Europe/Berlin] PHP Warning:  Undefined variable $allRecords in C:\xampp\htdocs\AM-Euro\listbackend.php on line 161
[13-May-2025 15:25:14 Europe/Berlin] PHP Warning:  Undefined variable $allRecords in C:\xampp\htdocs\AM-Euro\listbackend.php on line 161
[13-May-2025 15:25:33 Europe/Berlin] PHP Warning:  Undefined variable $allRecords in C:\xampp\htdocs\AM-Euro\listbackend.php on line 161
[13-May-2025 15:25:52 Europe/Berlin] PHP Warning:  Undefined variable $allRecords in C:\xampp\htdocs\AM-Euro\listbackend.php on line 161
[13-May-2025 15:26:01 Europe/Berlin] PHP Warning:  Undefined variable $allRecords in C:\xampp\htdocs\AM-Euro\listbackend.php on line 161
[13-May-2025 15:26:06 Europe/Berlin] PHP Warning:  Undefined variable $allRecords in C:\xampp\htdocs\AM-Euro\listbackend.php on line 161
[13-May-2025 15:27:30 Europe/Berlin] PHP Warning:  Undefined variable $allRecords in C:\xampp\htdocs\AM-Euro\listbackend.php on line 161
[13-May-2025 15:27:42 Europe/Berlin] PHP Warning:  Undefined variable $allRecords in C:\xampp\htdocs\AM-Euro\listbackend.php on line 161
[13-May-2025 15:27:45 Europe/Berlin] PHP Warning:  Undefined variable $allRecords in C:\xampp\htdocs\AM-Euro\listbackend.php on line 161
[13-May-2025 15:29:58 Europe/Berlin] PHP Warning:  Undefined variable $allRecords in C:\xampp\htdocs\AM-Euro\listbackend.php on line 161
[13-May-2025 15:30:03 Europe/Berlin] PHP Warning:  Undefined variable $allRecords in C:\xampp\htdocs\AM-Euro\listbackend.php on line 161
[13-May-2025 15:39:33 Europe/Berlin] PHP Warning:  Undefined variable $allRecords in C:\xampp\htdocs\AM-Euro\listbackend.php on line 161
[13-May-2025 15:46:00 Europe/Berlin] PHP Warning:  Undefined variable $allRecords in C:\xampp\htdocs\AM-Euro\listbackend.php on line 161
[13-May-2025 16:03:25 Europe/Berlin] PHP Warning:  Undefined variable $allRecords in C:\xampp\htdocs\AM-Euro\listbackend.php on line 161
[13-May-2025 16:11:19 Europe/Berlin] PHP Warning:  Undefined variable $allRecords in C:\xampp\htdocs\AM-Euro\listbackend.php on line 161
[13-May-2025 16:11:24 Europe/Berlin] PHP Warning:  Undefined variable $allRecords in C:\xampp\htdocs\AM-Euro\listbackend.php on line 161
[13-May-2025 16:16:32 Europe/Berlin] PHP Warning:  Undefined variable $allRecords in C:\xampp\htdocs\AM-Euro\listbackend.php on line 161
[13-May-2025 16:19:31 Europe/Berlin] PHP Warning:  Undefined variable $allRecords in C:\xampp\htdocs\AM-Euro\listbackend.php on line 161
[13-May-2025 16:21:59 Europe/Berlin] PHP Warning:  Undefined variable $allRecords in C:\xampp\htdocs\AM-Euro\listbackend.php on line 161
[13-May-2025 16:22:30 Europe/Berlin] PHP Warning:  Undefined variable $allRecords in C:\xampp\htdocs\AM-Euro\listbackend.php on line 161
[13-May-2025 16:22:33 Europe/Berlin] PHP Warning:  Undefined variable $allRecords in C:\xampp\htdocs\AM-Euro\listbackend.php on line 161
[13-May-2025 16:22:38 Europe/Berlin] PHP Warning:  Undefined variable $allRecords in C:\xampp\htdocs\AM-Euro\listbackend.php on line 161
[13-May-2025 16:23:21 Europe/Berlin] PHP Warning:  Undefined variable $allRecords in C:\xampp\htdocs\AM-Euro\listbackend.php on line 161
[13-May-2025 16:23:25 Europe/Berlin] PHP Warning:  Undefined variable $allRecords in C:\xampp\htdocs\AM-Euro\listbackend.php on line 161
[13-May-2025 16:37:39 Europe/Berlin] PHP Warning:  Undefined variable $allRecords in C:\xampp\htdocs\AM-Euro\listbackend.php on line 161
[13-May-2025 16:37:59 Europe/Berlin] PHP Warning:  Undefined variable $allRecords in C:\xampp\htdocs\AM-Euro\listbackend.php on line 161
[13-May-2025 16:38:05 Europe/Berlin] PHP Warning:  Undefined variable $allRecords in C:\xampp\htdocs\AM-Euro\listbackend.php on line 161
[13-May-2025 16:44:04 Europe/Berlin] PHP Warning:  Undefined variable $allRecords in C:\xampp\htdocs\AM-Euro\listbackend.php on line 161
[13-May-2025 16:44:08 Europe/Berlin] PHP Warning:  Undefined variable $allRecords in C:\xampp\htdocs\AM-Euro\listbackend.php on line 161
[13-May-2025 16:44:11 Europe/Berlin] PHP Warning:  Undefined variable $allRecords in C:\xampp\htdocs\AM-Euro\listbackend.php on line 161
[13-May-2025 16:44:15 Europe/Berlin] PHP Warning:  Undefined variable $allRecords in C:\xampp\htdocs\AM-Euro\listbackend.php on line 161
[13-May-2025 16:44:27 Europe/Berlin] PHP Warning:  Undefined variable $allRecords in C:\xampp\htdocs\AM-Euro\listbackend.php on line 161
[13-May-2025 16:44:31 Europe/Berlin] PHP Warning:  Undefined variable $allRecords in C:\xampp\htdocs\AM-Euro\listbackend.php on line 161
[13-May-2025 16:45:04 Europe/Berlin] PHP Warning:  Undefined variable $allRecords in C:\xampp\htdocs\AM-Euro\listbackend.php on line 161
[13-May-2025 16:45:06 Europe/Berlin] PHP Warning:  Undefined variable $allRecords in C:\xampp\htdocs\AM-Euro\listbackend.php on line 161
[13-May-2025 16:45:22 Europe/Berlin] PHP Warning:  Undefined variable $allRecords in C:\xampp\htdocs\AM-Euro\listbackend.php on line 161
[13-May-2025 16:45:43 Europe/Berlin] PHP Warning:  Undefined variable $allRecords in C:\xampp\htdocs\AM-Euro\listbackend.php on line 161
[13-May-2025 16:49:09 Europe/Berlin] PHP Warning:  Undefined variable $allRecords in C:\xampp\htdocs\AM-Euro\listbackend.php on line 161
[13-May-2025 16:52:24 Europe/Berlin] PHP Warning:  Undefined variable $allRecords in C:\xampp\htdocs\AM-Euro\listbackend.php on line 161
[13-May-2025 16:52:26 Europe/Berlin] PHP Warning:  Undefined variable $allRecords in C:\xampp\htdocs\AM-Euro\listbackend.php on line 161
[13-May-2025 16:52:28 Europe/Berlin] PHP Warning:  Undefined variable $allRecords in C:\xampp\htdocs\AM-Euro\listbackend.php on line 161
[13-May-2025 16:54:57 Europe/Berlin] PHP Warning:  Undefined variable $allRecords in C:\xampp\htdocs\AM-Euro\listbackend.php on line 161
[13-May-2025 16:55:15 Europe/Berlin] PHP Warning:  Undefined variable $allRecords in C:\xampp\htdocs\AM-Euro\listbackend.php on line 161
[13-May-2025 16:55:18 Europe/Berlin] PHP Warning:  Undefined variable $allRecords in C:\xampp\htdocs\AM-Euro\listbackend.php on line 161
[13-May-2025 16:55:31 Europe/Berlin] PHP Warning:  Undefined variable $allRecords in C:\xampp\htdocs\AM-Euro\listbackend.php on line 161
[13-May-2025 16:55:33 Europe/Berlin] PHP Warning:  Undefined variable $allRecords in C:\xampp\htdocs\AM-Euro\listbackend.php on line 161
[13-May-2025 16:55:37 Europe/Berlin] PHP Warning:  Undefined variable $allRecords in C:\xampp\htdocs\AM-Euro\listbackend.php on line 161
[13-May-2025 16:55:39 Europe/Berlin] PHP Warning:  Undefined variable $allRecords in C:\xampp\htdocs\AM-Euro\listbackend.php on line 161
[13-May-2025 16:55:41 Europe/Berlin] PHP Warning:  Undefined variable $allRecords in C:\xampp\htdocs\AM-Euro\listbackend.php on line 161
[13-May-2025 16:55:43 Europe/Berlin] PHP Warning:  Undefined variable $allRecords in C:\xampp\htdocs\AM-Euro\listbackend.php on line 161
[13-May-2025 16:55:45 Europe/Berlin] PHP Warning:  Undefined variable $allRecords in C:\xampp\htdocs\AM-Euro\listbackend.php on line 161
[13-May-2025 16:55:50 Europe/Berlin] PHP Warning:  Undefined variable $allRecords in C:\xampp\htdocs\AM-Euro\listbackend.php on line 161
[13-May-2025 16:55:54 Europe/Berlin] PHP Warning:  Undefined variable $allRecords in C:\xampp\htdocs\AM-Euro\listbackend.php on line 161
[13-May-2025 16:55:57 Europe/Berlin] PHP Warning:  Undefined variable $allRecords in C:\xampp\htdocs\AM-Euro\listbackend.php on line 161
[13-May-2025 16:56:00 Europe/Berlin] PHP Warning:  Undefined variable $allRecords in C:\xampp\htdocs\AM-Euro\listbackend.php on line 161
[13-May-2025 16:56:43 Europe/Berlin] PHP Warning:  Undefined variable $allRecords in C:\xampp\htdocs\AM-Euro\listbackend.php on line 161
[13-May-2025 16:57:05 Europe/Berlin] PHP Warning:  Undefined variable $allRecords in C:\xampp\htdocs\AM-Euro\listbackend.php on line 161
[13-May-2025 16:57:31 Europe/Berlin] PHP Warning:  Undefined variable $allRecords in C:\xampp\htdocs\AM-Euro\listbackend.php on line 161
[13-May-2025 16:57:48 Europe/Berlin] PHP Warning:  Undefined variable $allRecords in C:\xampp\htdocs\AM-Euro\listbackend.php on line 161
[13-May-2025 16:57:54 Europe/Berlin] PHP Warning:  Undefined variable $allRecords in C:\xampp\htdocs\AM-Euro\listbackend.php on line 161
[13-May-2025 16:58:25 Europe/Berlin] PHP Warning:  Undefined variable $allRecords in C:\xampp\htdocs\AM-Euro\listbackend.php on line 161
[13-May-2025 16:59:08 Europe/Berlin] PHP Warning:  Undefined variable $allRecords in C:\xampp\htdocs\AM-Euro\listbackend.php on line 161
[13-May-2025 16:59:10 Europe/Berlin] PHP Warning:  Undefined variable $allRecords in C:\xampp\htdocs\AM-Euro\listbackend.php on line 161
[13-May-2025 17:03:25 Europe/Berlin] PHP Warning:  Undefined variable $allRecords in C:\xampp\htdocs\AM-Euro\listbackend.php on line 161
[13-May-2025 17:04:11 Europe/Berlin] PHP Warning:  Undefined variable $allRecords in C:\xampp\htdocs\AM-Euro\listbackend.php on line 161
[13-May-2025 17:04:41 Europe/Berlin] PHP Warning:  Undefined variable $allRecords in C:\xampp\htdocs\AM-Euro\listbackend.php on line 161
[13-May-2025 17:04:45 Europe/Berlin] PHP Warning:  Undefined variable $allRecords in C:\xampp\htdocs\AM-Euro\listbackend.php on line 161
[13-May-2025 17:04:53 Europe/Berlin] PHP Warning:  Undefined variable $allRecords in C:\xampp\htdocs\AM-Euro\listbackend.php on line 161
[13-May-2025 17:04:56 Europe/Berlin] PHP Warning:  Undefined variable $allRecords in C:\xampp\htdocs\AM-Euro\listbackend.php on line 161
[13-May-2025 17:05:52 Europe/Berlin] PHP Warning:  Undefined variable $allRecords in C:\xampp\htdocs\AM-Euro\listbackend.php on line 161
[13-May-2025 17:05:58 Europe/Berlin] PHP Warning:  Undefined variable $allRecords in C:\xampp\htdocs\AM-Euro\listbackend.php on line 161
[13-May-2025 17:06:10 Europe/Berlin] PHP Warning:  Undefined variable $allRecords in C:\xampp\htdocs\AM-Euro\listbackend.php on line 161
[13-May-2025 17:12:25 Europe/Berlin] PHP Warning:  Undefined variable $allRecords in C:\xampp\htdocs\AM-Euro\listbackend.php on line 161
[13-May-2025 17:12:25 Europe/Berlin] PHP Warning:  Undefined variable $allRecords in C:\xampp\htdocs\AM-Euro\listbackend.php on line 161
[13-May-2025 17:12:27 Europe/Berlin] PHP Warning:  Undefined variable $allRecords in C:\xampp\htdocs\AM-Euro\listbackend.php on line 161
[13-May-2025 17:12:28 Europe/Berlin] PHP Warning:  Undefined variable $allRecords in C:\xampp\htdocs\AM-Euro\listbackend.php on line 161
[13-May-2025 17:12:38 Europe/Berlin] PHP Warning:  Undefined variable $allRecords in C:\xampp\htdocs\AM-Euro\listbackend.php on line 161
[13-May-2025 17:12:40 Europe/Berlin] PHP Warning:  Undefined variable $allRecords in C:\xampp\htdocs\AM-Euro\listbackend.php on line 161
[13-May-2025 17:12:42 Europe/Berlin] PHP Warning:  Undefined variable $allRecords in C:\xampp\htdocs\AM-Euro\listbackend.php on line 161
[13-May-2025 17:14:00 Europe/Berlin] PHP Warning:  Undefined variable $allRecords in C:\xampp\htdocs\AM-Euro\listbackend.php on line 161
[13-May-2025 17:15:01 Europe/Berlin] PHP Warning:  Undefined variable $allRecords in C:\xampp\htdocs\AM-Euro\listbackend.php on line 161
[13-May-2025 17:15:15 Europe/Berlin] PHP Warning:  Undefined variable $allRecords in C:\xampp\htdocs\AM-Euro\listbackend.php on line 161
[13-May-2025 17:16:48 Europe/Berlin] PHP Warning:  Undefined variable $allRecords in C:\xampp\htdocs\AM-Euro\listbackend.php on line 161
[13-May-2025 17:16:50 Europe/Berlin] PHP Warning:  Undefined variable $allRecords in C:\xampp\htdocs\AM-Euro\listbackend.php on line 161
[13-May-2025 17:17:02 Europe/Berlin] PHP Warning:  Undefined variable $allRecords in C:\xampp\htdocs\AM-Euro\listbackend.php on line 161
[13-May-2025 17:17:06 Europe/Berlin] PHP Warning:  Undefined variable $allRecords in C:\xampp\htdocs\AM-Euro\listbackend.php on line 161
[13-May-2025 17:17:06 Europe/Berlin] PHP Warning:  Undefined variable $allRecords in C:\xampp\htdocs\AM-Euro\listbackend.php on line 161
[13-May-2025 17:22:24 Europe/Berlin] PHP Warning:  Undefined variable $allRecords in C:\xampp\htdocs\AM-Euro\listbackend.php on line 161
[13-May-2025 17:22:29 Europe/Berlin] PHP Warning:  Undefined variable $allRecords in C:\xampp\htdocs\AM-Euro\listbackend.php on line 161
[13-May-2025 17:22:48 Europe/Berlin] PHP Warning:  Undefined variable $allRecords in C:\xampp\htdocs\AM-Euro\listbackend.php on line 161
[13-May-2025 17:22:52 Europe/Berlin] PHP Warning:  Undefined variable $allRecords in C:\xampp\htdocs\AM-Euro\listbackend.php on line 161
[13-May-2025 17:23:52 Europe/Berlin] PHP Warning:  Undefined variable $allRecords in C:\xampp\htdocs\AM-Euro\listbackend.php on line 161
[13-May-2025 17:27:03 Europe/Berlin] PHP Warning:  Undefined variable $allRecords in C:\xampp\htdocs\AM-Euro\listbackend.php on line 161
[13-May-2025 19:50:22 Europe/Berlin] PHP Warning:  Undefined variable $allRecords in C:\xampp\htdocs\AM-Euro\listbackend.php on line 161
[13-May-2025 19:50:25 Europe/Berlin] PHP Warning:  Undefined variable $allRecords in C:\xampp\htdocs\AM-Euro\listbackend.php on line 161
[13-May-2025 19:50:32 Europe/Berlin] PHP Warning:  Undefined variable $allRecords in C:\xampp\htdocs\AM-Euro\listbackend.php on line 161
[13-May-2025 19:50:37 Europe/Berlin] PHP Warning:  Undefined variable $allRecords in C:\xampp\htdocs\AM-Euro\listbackend.php on line 161
[13-May-2025 19:50:41 Europe/Berlin] PHP Warning:  Undefined variable $allRecords in C:\xampp\htdocs\AM-Euro\listbackend.php on line 161
[13-May-2025 19:52:17 Europe/Berlin] PHP Warning:  Undefined variable $allRecords in C:\xampp\htdocs\AM-Euro\listbackend.php on line 161
[13-May-2025 19:53:13 Europe/Berlin] PHP Warning:  Undefined variable $allRecords in C:\xampp\htdocs\AM-Euro\listbackend.php on line 161
[13-May-2025 19:53:23 Europe/Berlin] PHP Warning:  Undefined variable $allRecords in C:\xampp\htdocs\AM-Euro\listbackend.php on line 161
[13-May-2025 19:53:27 Europe/Berlin] PHP Warning:  Undefined variable $allRecords in C:\xampp\htdocs\AM-Euro\listbackend.php on line 161
[13-May-2025 19:53:31 Europe/Berlin] PHP Warning:  Undefined variable $allRecords in C:\xampp\htdocs\AM-Euro\listbackend.php on line 161
[13-May-2025 19:53:33 Europe/Berlin] PHP Warning:  Undefined variable $allRecords in C:\xampp\htdocs\AM-Euro\listbackend.php on line 161
[13-May-2025 19:53:34 Europe/Berlin] PHP Warning:  Undefined variable $allRecords in C:\xampp\htdocs\AM-Euro\listbackend.php on line 161
[13-May-2025 19:55:05 Europe/Berlin] PHP Warning:  Undefined variable $allRecords in C:\xampp\htdocs\AM-Euro\listbackend.php on line 161
[13-May-2025 19:58:25 Europe/Berlin] PHP Warning:  Undefined variable $allRecords in C:\xampp\htdocs\AM-Euro\listbackend.php on line 161
[13-May-2025 19:59:27 Europe/Berlin] PHP Warning:  Undefined variable $allRecords in C:\xampp\htdocs\AM-Euro\listbackend.php on line 161
[13-May-2025 20:01:49 Europe/Berlin] PHP Warning:  Undefined variable $allRecords in C:\xampp\htdocs\AM-Euro\listbackend.php on line 161
[13-May-2025 20:02:41 Europe/Berlin] PHP Warning:  Undefined variable $allRecords in C:\xampp\htdocs\AM-Euro\listbackend.php on line 161
[13-May-2025 20:02:45 Europe/Berlin] PHP Warning:  Undefined variable $allRecords in C:\xampp\htdocs\AM-Euro\listbackend.php on line 161
[13-May-2025 20:03:45 Europe/Berlin] PHP Warning:  Undefined variable $allRecords in C:\xampp\htdocs\AM-Euro\listbackend.php on line 161
[13-May-2025 20:04:19 Europe/Berlin] PHP Warning:  Undefined variable $allRecords in C:\xampp\htdocs\AM-Euro\listbackend.php on line 161
[13-May-2025 20:04:21 Europe/Berlin] PHP Warning:  Undefined variable $allRecords in C:\xampp\htdocs\AM-Euro\listbackend.php on line 161
[13-May-2025 20:04:30 Europe/Berlin] PHP Warning:  Undefined variable $allRecords in C:\xampp\htdocs\AM-Euro\listbackend.php on line 161
[13-May-2025 20:05:06 Europe/Berlin] PHP Warning:  Undefined variable $allRecords in C:\xampp\htdocs\AM-Euro\listbackend.php on line 161
[13-May-2025 20:11:33 Europe/Berlin] PHP Warning:  Undefined variable $allRecords in C:\xampp\htdocs\AM-Euro\listbackend.php on line 161
[13-May-2025 20:11:37 Europe/Berlin] PHP Warning:  Undefined variable $allRecords in C:\xampp\htdocs\AM-Euro\listbackend.php on line 161
[13-May-2025 20:18:11 Europe/Berlin] PHP Warning:  Undefined variable $allRecords in C:\xampp\htdocs\AM-Euro\listbackend.php on line 161
[13-May-2025 20:18:51 Europe/Berlin] PHP Warning:  Undefined variable $allRecords in C:\xampp\htdocs\AM-Euro\listbackend.php on line 161
[13-May-2025 20:19:00 Europe/Berlin] PHP Warning:  Undefined variable $allRecords in C:\xampp\htdocs\AM-Euro\listbackend.php on line 161
[13-May-2025 20:24:07 Europe/Berlin] PHP Warning:  Undefined variable $allRecords in C:\xampp\htdocs\AM-Euro\listbackend.php on line 161
[13-May-2025 20:24:45 Europe/Berlin] PHP Warning:  Undefined variable $allRecords in C:\xampp\htdocs\AM-Euro\listbackend.php on line 161
[13-May-2025 20:25:36 Europe/Berlin] PHP Warning:  Undefined variable $allRecords in C:\xampp\htdocs\AM-Euro\listbackend.php on line 161
[13-May-2025 20:25:50 Europe/Berlin] PHP Warning:  Undefined variable $allRecords in C:\xampp\htdocs\AM-Euro\listbackend.php on line 161
[13-May-2025 20:26:23 Europe/Berlin] PHP Warning:  Undefined variable $allRecords in C:\xampp\htdocs\AM-Euro\listbackend.php on line 161
[13-May-2025 20:26:50 Europe/Berlin] PHP Warning:  Undefined variable $allRecords in C:\xampp\htdocs\AM-Euro\listbackend.php on line 161
[13-May-2025 20:27:10 Europe/Berlin] PHP Warning:  Undefined variable $allRecords in C:\xampp\htdocs\AM-Euro\listbackend.php on line 161
[13-May-2025 20:29:04 Europe/Berlin] PHP Warning:  Undefined variable $allRecords in C:\xampp\htdocs\AM-Euro\listbackend.php on line 161
[13-May-2025 20:29:31 Europe/Berlin] PHP Warning:  Undefined variable $allRecords in C:\xampp\htdocs\AM-Euro\listbackend.php on line 161
[13-May-2025 20:29:34 Europe/Berlin] PHP Warning:  Undefined variable $allRecords in C:\xampp\htdocs\AM-Euro\listbackend.php on line 161
[13-May-2025 20:29:39 Europe/Berlin] PHP Warning:  Undefined variable $allRecords in C:\xampp\htdocs\AM-Euro\listbackend.php on line 161
[13-May-2025 20:29:42 Europe/Berlin] PHP Warning:  Undefined variable $allRecords in C:\xampp\htdocs\AM-Euro\listbackend.php on line 161
[13-May-2025 20:29:43 Europe/Berlin] PHP Warning:  Undefined variable $allRecords in C:\xampp\htdocs\AM-Euro\listbackend.php on line 161
[13-May-2025 20:29:45 Europe/Berlin] PHP Warning:  Undefined variable $allRecords in C:\xampp\htdocs\AM-Euro\listbackend.php on line 161
[13-May-2025 20:29:47 Europe/Berlin] PHP Warning:  Undefined variable $allRecords in C:\xampp\htdocs\AM-Euro\listbackend.php on line 161
[13-May-2025 20:29:51 Europe/Berlin] PHP Warning:  Undefined variable $allRecords in C:\xampp\htdocs\AM-Euro\listbackend.php on line 161
[13-May-2025 20:31:32 Europe/Berlin] PHP Warning:  Undefined variable $allRecords in C:\xampp\htdocs\AM-Euro\listbackend.php on line 161
[13-May-2025 20:35:02 Europe/Berlin] PHP Warning:  Undefined variable $allRecords in C:\xampp\htdocs\AM-Euro\listbackend.php on line 161
[13-May-2025 20:35:06 Europe/Berlin] PHP Warning:  Undefined variable $allRecords in C:\xampp\htdocs\AM-Euro\listbackend.php on line 161
[13-May-2025 20:35:10 Europe/Berlin] PHP Warning:  Undefined variable $allRecords in C:\xampp\htdocs\AM-Euro\listbackend.php on line 161
[13-May-2025 20:38:07 Europe/Berlin] PHP Warning:  Undefined variable $allRecords in C:\xampp\htdocs\AM-Euro\listbackend.php on line 161
[13-May-2025 20:39:09 Europe/Berlin] PHP Warning:  Undefined variable $allRecords in C:\xampp\htdocs\AM-Euro\listbackend.php on line 161
[13-May-2025 20:39:53 Europe/Berlin] PHP Warning:  Undefined variable $allRecords in C:\xampp\htdocs\AM-Euro\listbackend.php on line 161
[13-May-2025 20:40:42 Europe/Berlin] PHP Warning:  Undefined variable $allRecords in C:\xampp\htdocs\AM-Euro\listbackend.php on line 161
[13-May-2025 20:42:13 Europe/Berlin] PHP Warning:  Undefined variable $allRecords in C:\xampp\htdocs\AM-Euro\listbackend.php on line 161
[13-May-2025 20:42:31 Europe/Berlin] PHP Warning:  Undefined variable $allRecords in C:\xampp\htdocs\AM-Euro\listbackend.php on line 161
[13-May-2025 20:42:34 Europe/Berlin] PHP Warning:  Undefined variable $allRecords in C:\xampp\htdocs\AM-Euro\listbackend.php on line 161
[13-May-2025 20:49:15 Europe/Berlin] PHP Warning:  Undefined variable $allRecords in C:\xampp\htdocs\AM-Euro\listbackend.php on line 161
[13-May-2025 20:57:14 Europe/Berlin] PHP Warning:  Undefined variable $allRecords in C:\xampp\htdocs\AM-Euro\listbackend.php on line 161
[13-May-2025 21:02:12 Europe/Berlin] PHP Warning:  Undefined variable $allRecords in C:\xampp\htdocs\AM-Euro\listbackend.php on line 161
[13-May-2025 21:03:06 Europe/Berlin] PHP Warning:  Undefined variable $allRecords in C:\xampp\htdocs\AM-Euro\listbackend.php on line 161
[13-May-2025 21:04:03 Europe/Berlin] PHP Warning:  Undefined variable $allRecords in C:\xampp\htdocs\AM-Euro\listbackend.php on line 161
[13-May-2025 21:04:06 Europe/Berlin] PHP Warning:  Undefined variable $allRecords in C:\xampp\htdocs\AM-Euro\listbackend.php on line 161
[13-May-2025 21:04:30 Europe/Berlin] PHP Warning:  Undefined variable $allRecords in C:\xampp\htdocs\AM-Euro\listbackend.php on line 161
[13-May-2025 21:05:10 Europe/Berlin] PHP Warning:  Undefined variable $allRecords in C:\xampp\htdocs\AM-Euro\listbackend.php on line 161
[13-May-2025 21:06:50 Europe/Berlin] PHP Warning:  Undefined variable $allRecords in C:\xampp\htdocs\AM-Euro\listbackend.php on line 161
[13-May-2025 21:21:19 Europe/Berlin] PHP Warning:  Undefined variable $allRecords in C:\xampp\htdocs\AM-Euro\listbackend.php on line 161
[13-May-2025 21:48:40 Europe/Berlin] PHP Warning:  Undefined variable $allRecords in C:\xampp\htdocs\AM-Euro\listbackend.php on line 161
[13-May-2025 21:58:05 Europe/Berlin] PHP Warning:  Undefined variable $allRecords in C:\xampp\htdocs\AM-Euro\listbackend.php on line 161
[14-May-2025 14:51:05 Europe/Berlin] PHP Warning:  Undefined variable $allRecords in C:\xampp\htdocs\AM-Euro\listbackend.php on line 161
[14-May-2025 15:17:12 Europe/Berlin] PHP Warning:  Undefined variable $allRecords in C:\xampp\htdocs\AM-Euro\listbackend.php on line 161
[14-May-2025 15:17:30 Europe/Berlin] PHP Warning:  Undefined variable $allRecords in C:\xampp\htdocs\AM-Euro\listbackend.php on line 161
[14-May-2025 15:24:33 Europe/Berlin] PHP Warning:  Undefined variable $allRecords in C:\xampp\htdocs\AM-Euro\listbackend.php on line 161
[14-May-2025 15:24:38 Europe/Berlin] PHP Warning:  Undefined variable $allRecords in C:\xampp\htdocs\AM-Euro\listbackend.php on line 161
[14-May-2025 16:02:29 Europe/Berlin] PHP Warning:  Undefined variable $allRecords in C:\xampp\htdocs\AM-Euro\listbackend.php on line 161
[14-May-2025 16:19:42 Europe/Berlin] PHP Warning:  Undefined variable $allRecords in C:\xampp\htdocs\AM-Euro\listbackend.php on line 161
[14-May-2025 16:19:51 Europe/Berlin] PHP Warning:  Undefined variable $allRecords in C:\xampp\htdocs\AM-Euro\listbackend.php on line 161
[14-May-2025 16:24:06 Europe/Berlin] PHP Warning:  Undefined variable $allRecords in C:\xampp\htdocs\AM-Euro\listbackend.php on line 161
[14-May-2025 16:25:47 Europe/Berlin] PHP Warning:  Undefined variable $allRecords in C:\xampp\htdocs\AM-Euro\listbackend.php on line 170
[14-May-2025 16:26:55 Europe/Berlin] PHP Warning:  Undefined variable $allRecords in C:\xampp\htdocs\AM-Euro\listbackend.php on line 170
[14-May-2025 16:27:56 Europe/Berlin] PHP Warning:  Undefined variable $allRecords in C:\xampp\htdocs\AM-Euro\listbackend.php on line 170
[14-May-2025 16:28:00 Europe/Berlin] PHP Warning:  Undefined variable $allRecords in C:\xampp\htdocs\AM-Euro\listbackend.php on line 170
[14-May-2025 16:28:02 Europe/Berlin] PHP Warning:  Undefined variable $allRecords in C:\xampp\htdocs\AM-Euro\listbackend.php on line 170
[14-May-2025 16:28:05 Europe/Berlin] PHP Warning:  Undefined variable $allRecords in C:\xampp\htdocs\AM-Euro\listbackend.php on line 170
[14-May-2025 16:28:51 Europe/Berlin] PHP Warning:  Undefined variable $allRecords in C:\xampp\htdocs\AM-Euro\listbackend.php on line 170
[14-May-2025 16:29:22 Europe/Berlin] PHP Warning:  Undefined variable $allRecords in C:\xampp\htdocs\AM-Euro\listbackend.php on line 170
[14-May-2025 16:29:24 Europe/Berlin] PHP Warning:  Undefined variable $allRecords in C:\xampp\htdocs\AM-Euro\listbackend.php on line 170
[14-May-2025 16:29:28 Europe/Berlin] PHP Warning:  Undefined variable $allRecords in C:\xampp\htdocs\AM-Euro\listbackend.php on line 170
[14-May-2025 16:29:34 Europe/Berlin] PHP Warning:  Undefined variable $allRecords in C:\xampp\htdocs\AM-Euro\listbackend.php on line 170
[14-May-2025 16:29:38 Europe/Berlin] PHP Warning:  Undefined variable $allRecords in C:\xampp\htdocs\AM-Euro\listbackend.php on line 170
[14-May-2025 16:29:40 Europe/Berlin] PHP Warning:  Undefined variable $allRecords in C:\xampp\htdocs\AM-Euro\listbackend.php on line 170
[14-May-2025 16:29:41 Europe/Berlin] PHP Warning:  Undefined variable $allRecords in C:\xampp\htdocs\AM-Euro\listbackend.php on line 170
[14-May-2025 16:29:41 Europe/Berlin] PHP Warning:  Undefined variable $allRecords in C:\xampp\htdocs\AM-Euro\listbackend.php on line 170
[14-May-2025 16:29:44 Europe/Berlin] PHP Warning:  Undefined variable $allRecords in C:\xampp\htdocs\AM-Euro\listbackend.php on line 170
[14-May-2025 16:29:46 Europe/Berlin] PHP Warning:  Undefined variable $allRecords in C:\xampp\htdocs\AM-Euro\listbackend.php on line 170
[14-May-2025 16:29:47 Europe/Berlin] PHP Warning:  Undefined variable $allRecords in C:\xampp\htdocs\AM-Euro\listbackend.php on line 170
[14-May-2025 16:30:02 Europe/Berlin] PHP Warning:  Undefined variable $allRecords in C:\xampp\htdocs\AM-Euro\listbackend.php on line 170
[14-May-2025 16:30:04 Europe/Berlin] PHP Warning:  Undefined variable $allRecords in C:\xampp\htdocs\AM-Euro\listbackend.php on line 170
[14-May-2025 16:30:22 Europe/Berlin] PHP Warning:  Undefined variable $allRecords in C:\xampp\htdocs\AM-Euro\listbackend.php on line 170
[14-May-2025 16:49:30 Europe/Berlin] PHP Warning:  Undefined variable $allRecords in C:\xampp\htdocs\AM-Euro\listbackend.php on line 170
[14-May-2025 17:22:50 Europe/Berlin] PHP Warning:  Undefined variable $allRecords in C:\xampp\htdocs\AM-Euro\listbackend.php on line 170
[14-May-2025 17:29:56 Europe/Berlin] PHP Warning:  Undefined variable $allRecords in C:\xampp\htdocs\AM-Euro\listbackend.php on line 170
[14-May-2025 17:29:57 Europe/Berlin] PHP Warning:  Undefined variable $allRecords in C:\xampp\htdocs\AM-Euro\listbackend.php on line 170
[14-May-2025 17:29:57 Europe/Berlin] PHP Warning:  Undefined variable $allRecords in C:\xampp\htdocs\AM-Euro\listbackend.php on line 170
[14-May-2025 17:30:02 Europe/Berlin] PHP Warning:  Undefined variable $allRecords in C:\xampp\htdocs\AM-Euro\listbackend.php on line 170
[14-May-2025 17:34:42 Europe/Berlin] PHP Warning:  Undefined variable $allRecords in C:\xampp\htdocs\AM-Euro\listbackend.php on line 170
[14-May-2025 17:34:42 Europe/Berlin] PHP Warning:  Undefined variable $allRecords in C:\xampp\htdocs\AM-Euro\listbackend.php on line 170
[14-May-2025 17:34:42 Europe/Berlin] PHP Warning:  Undefined variable $allRecords in C:\xampp\htdocs\AM-Euro\listbackend.php on line 170
[14-May-2025 17:34:46 Europe/Berlin] PHP Warning:  Undefined variable $allRecords in C:\xampp\htdocs\AM-Euro\listbackend.php on line 170
[14-May-2025 17:51:02 Europe/Berlin] PHP Warning:  Undefined variable $allRecords in C:\xampp\htdocs\AM-Euro\listbackend.php on line 170
[14-May-2025 17:51:04 Europe/Berlin] PHP Warning:  Undefined variable $allRecords in C:\xampp\htdocs\AM-Euro\listbackend.php on line 170
[14-May-2025 17:53:39 Europe/Berlin] PHP Warning:  Undefined variable $allRecords in C:\xampp\htdocs\AM-Euro\listbackend.php on line 170
[14-May-2025 17:53:40 Europe/Berlin] PHP Warning:  Undefined variable $allRecords in C:\xampp\htdocs\AM-Euro\listbackend.php on line 170
[14-May-2025 17:53:43 Europe/Berlin] PHP Warning:  Undefined variable $allRecords in C:\xampp\htdocs\AM-Euro\listbackend.php on line 170
[14-May-2025 17:56:22 Europe/Berlin] PHP Warning:  Undefined variable $allRecords in C:\xampp\htdocs\AM-Euro\listbackend.php on line 170
[14-May-2025 18:00:09 Europe/Berlin] PHP Warning:  Undefined variable $allRecords in C:\xampp\htdocs\AM-Euro\listbackend.php on line 170
[14-May-2025 18:00:10 Europe/Berlin] PHP Warning:  Undefined variable $allRecords in C:\xampp\htdocs\AM-Euro\listbackend.php on line 170
[14-May-2025 18:00:13 Europe/Berlin] PHP Warning:  Undefined variable $allRecords in C:\xampp\htdocs\AM-Euro\listbackend.php on line 170
[14-May-2025 18:04:11 Europe/Berlin] PHP Warning:  Undefined variable $allRecords in C:\xampp\htdocs\AM-Euro\listbackend.php on line 170
[14-May-2025 18:04:14 Europe/Berlin] PHP Warning:  Undefined variable $allRecords in C:\xampp\htdocs\AM-Euro\listbackend.php on line 170
[14-May-2025 18:08:52 Europe/Berlin] PHP Warning:  Undefined variable $allRecords in C:\xampp\htdocs\AM-Euro\listbackend.php on line 170
[14-May-2025 18:08:53 Europe/Berlin] PHP Warning:  Undefined variable $allRecords in C:\xampp\htdocs\AM-Euro\listbackend.php on line 170
[14-May-2025 18:12:18 Europe/Berlin] PHP Warning:  Undefined variable $allRecords in C:\xampp\htdocs\AM-Euro\listbackend.php on line 170
[14-May-2025 18:12:19 Europe/Berlin] PHP Warning:  Undefined variable $allRecords in C:\xampp\htdocs\AM-Euro\listbackend.php on line 170
[14-May-2025 18:12:19 Europe/Berlin] PHP Warning:  Undefined variable $allRecords in C:\xampp\htdocs\AM-Euro\listbackend.php on line 170
[14-May-2025 18:12:19 Europe/Berlin] PHP Warning:  Undefined variable $allRecords in C:\xampp\htdocs\AM-Euro\listbackend.php on line 170
[14-May-2025 18:12:20 Europe/Berlin] PHP Warning:  Undefined variable $allRecords in C:\xampp\htdocs\AM-Euro\listbackend.php on line 170
[14-May-2025 18:12:22 Europe/Berlin] PHP Warning:  Undefined variable $allRecords in C:\xampp\htdocs\AM-Euro\listbackend.php on line 170
[14-May-2025 18:28:17 Europe/Berlin] PHP Warning:  Undefined variable $allRecords in C:\xampp\htdocs\AM-Euro\listbackend.php on line 170
[15-May-2025 01:32:26 Europe/Berlin] PHP Warning:  Undefined variable $allRecords in C:\xampp\htdocs\AM-Euro\listbackend.php on line 170
[15-May-2025 01:32:28 Europe/Berlin] PHP Warning:  Undefined variable $allRecords in C:\xampp\htdocs\AM-Euro\listbackend.php on line 170
[15-May-2025 01:38:21 Europe/Berlin] PHP Warning:  Undefined variable $allRecords in C:\xampp\htdocs\AM-Euro\listbackend.php on line 170
[15-May-2025 01:38:39 Europe/Berlin] PHP Warning:  Undefined variable $allRecords in C:\xampp\htdocs\AM-Euro\listbackend.php on line 170
[15-May-2025 01:38:40 Europe/Berlin] PHP Warning:  Undefined variable $allRecords in C:\xampp\htdocs\AM-Euro\listbackend.php on line 170
[15-May-2025 01:38:42 Europe/Berlin] PHP Warning:  Undefined variable $allRecords in C:\xampp\htdocs\AM-Euro\listbackend.php on line 170
[15-May-2025 01:38:42 Europe/Berlin] PHP Warning:  Undefined variable $allRecords in C:\xampp\htdocs\AM-Euro\listbackend.php on line 170
[15-May-2025 01:39:59 Europe/Berlin] PHP Warning:  Undefined variable $allRecords in C:\xampp\htdocs\AM-Euro\listbackend.php on line 170
[15-May-2025 01:40:03 Europe/Berlin] PHP Warning:  Undefined variable $allRecords in C:\xampp\htdocs\AM-Euro\listbackend.php on line 170
[15-May-2025 01:42:34 Europe/Berlin] PHP Warning:  Undefined variable $allRecords in C:\xampp\htdocs\AM-Euro\listbackend.php on line 170
[15-May-2025 01:42:52 Europe/Berlin] PHP Warning:  Undefined variable $allRecords in C:\xampp\htdocs\AM-Euro\listbackend.php on line 170
[15-May-2025 01:43:09 Europe/Berlin] PHP Warning:  Undefined variable $allRecords in C:\xampp\htdocs\AM-Euro\listbackend.php on line 170
[15-May-2025 01:43:11 Europe/Berlin] PHP Warning:  Undefined variable $allRecords in C:\xampp\htdocs\AM-Euro\listbackend.php on line 170
[15-May-2025 01:43:13 Europe/Berlin] PHP Warning:  Undefined variable $allRecords in C:\xampp\htdocs\AM-Euro\listbackend.php on line 170
[15-May-2025 01:43:14 Europe/Berlin] PHP Warning:  Undefined variable $allRecords in C:\xampp\htdocs\AM-Euro\listbackend.php on line 170
[15-May-2025 01:43:17 Europe/Berlin] PHP Warning:  Undefined variable $allRecords in C:\xampp\htdocs\AM-Euro\listbackend.php on line 170
[15-May-2025 01:47:10 Europe/Berlin] PHP Warning:  Undefined variable $allRecords in C:\xampp\htdocs\AM-Euro\listbackend.php on line 170
[15-May-2025 01:47:12 Europe/Berlin] PHP Warning:  Undefined variable $allRecords in C:\xampp\htdocs\AM-Euro\listbackend.php on line 170
[15-May-2025 01:55:32 Europe/Berlin] PHP Warning:  Undefined variable $allRecords in C:\xampp\htdocs\AM-Euro\listbackend.php on line 170
[15-May-2025 01:55:33 Europe/Berlin] PHP Warning:  Undefined variable $allRecords in C:\xampp\htdocs\AM-Euro\listbackend.php on line 170
[15-May-2025 01:59:11 Europe/Berlin] PHP Warning:  Undefined variable $allRecords in C:\xampp\htdocs\AM-Euro\listbackend.php on line 170
[15-May-2025 01:59:11 Europe/Berlin] PHP Warning:  Undefined variable $allRecords in C:\xampp\htdocs\AM-Euro\listbackend.php on line 170
[15-May-2025 01:59:11 Europe/Berlin] PHP Warning:  Undefined variable $allRecords in C:\xampp\htdocs\AM-Euro\listbackend.php on line 170
[15-May-2025 01:59:12 Europe/Berlin] PHP Warning:  Undefined variable $allRecords in C:\xampp\htdocs\AM-Euro\listbackend.php on line 170
[15-May-2025 02:02:28 Europe/Berlin] PHP Warning:  Undefined variable $allRecords in C:\xampp\htdocs\AM-Euro\listbackend.php on line 170
[15-May-2025 02:02:28 Europe/Berlin] PHP Warning:  Undefined variable $allRecords in C:\xampp\htdocs\AM-Euro\listbackend.php on line 170
[15-May-2025 02:06:52 Europe/Berlin] PHP Warning:  Undefined variable $allRecords in C:\xampp\htdocs\AM-Euro\listbackend.php on line 170
[15-May-2025 02:11:37 Europe/Berlin] PHP Warning:  Undefined variable $allRecords in C:\xampp\htdocs\AM-Euro\listbackend.php on line 170
[15-May-2025 02:12:09 Europe/Berlin] PHP Warning:  Undefined variable $allRecords in C:\xampp\htdocs\AM-Euro\listbackend.php on line 170
[15-May-2025 02:20:59 Europe/Berlin] PHP Warning:  Undefined variable $allRecords in C:\xampp\htdocs\AM-Euro\listbackend.php on line 170
[15-May-2025 02:21:00 Europe/Berlin] PHP Warning:  Undefined variable $allRecords in C:\xampp\htdocs\AM-Euro\listbackend.php on line 170
[15-May-2025 02:28:41 Europe/Berlin] PHP Warning:  Undefined variable $allRecords in C:\xampp\htdocs\AM-Euro\listbackend.php on line 170
[15-May-2025 02:28:55 Europe/Berlin] PHP Warning:  Undefined variable $allRecords in C:\xampp\htdocs\AM-Euro\listbackend.php on line 170
[15-May-2025 02:40:40 Europe/Berlin] PHP Warning:  Undefined variable $allRecords in C:\xampp\htdocs\AM-Euro\listbackend.php on line 170
[15-May-2025 02:40:44 Europe/Berlin] PHP Warning:  Undefined variable $allRecords in C:\xampp\htdocs\AM-Euro\listbackend.php on line 170
[15-May-2025 03:01:11 Europe/Berlin] PHP Warning:  Undefined variable $allRecords in C:\xampp\htdocs\AM-Euro\listbackend.php on line 170
[15-May-2025 03:01:17 Europe/Berlin] PHP Warning:  Undefined variable $allRecords in C:\xampp\htdocs\AM-Euro\listbackend.php on line 170
[15-May-2025 03:33:48 Europe/Berlin] PHP Warning:  Undefined variable $allRecords in C:\xampp\htdocs\AM-Euro\listbackend.php on line 170
[15-May-2025 03:33:52 Europe/Berlin] PHP Warning:  Undefined variable $allRecords in C:\xampp\htdocs\AM-Euro\listbackend.php on line 170
[15-May-2025 03:35:44 Europe/Berlin] PHP Warning:  Undefined variable $allRecords in C:\xampp\htdocs\AM-Euro\listbackend.php on line 170
[15-May-2025 03:35:46 Europe/Berlin] PHP Warning:  Undefined variable $allRecords in C:\xampp\htdocs\AM-Euro\listbackend.php on line 170
[15-May-2025 03:35:47 Europe/Berlin] PHP Warning:  Undefined variable $allRecords in C:\xampp\htdocs\AM-Euro\listbackend.php on line 170
[15-May-2025 03:35:48 Europe/Berlin] PHP Warning:  Undefined variable $allRecords in C:\xampp\htdocs\AM-Euro\listbackend.php on line 170
[15-May-2025 03:35:48 Europe/Berlin] PHP Warning:  Undefined variable $allRecords in C:\xampp\htdocs\AM-Euro\listbackend.php on line 170
[15-May-2025 04:01:39 Europe/Berlin] PHP Warning:  Undefined variable $allRecords in C:\xampp\htdocs\AM-Euro\listbackend.php on line 170
[15-May-2025 04:01:43 Europe/Berlin] PHP Warning:  Undefined variable $allRecords in C:\xampp\htdocs\AM-Euro\listbackend.php on line 170
[15-May-2025 04:01:47 Europe/Berlin] PHP Warning:  Undefined variable $allRecords in C:\xampp\htdocs\AM-Euro\listbackend.php on line 170
[15-May-2025 04:01:53 Europe/Berlin] PHP Warning:  Undefined variable $allRecords in C:\xampp\htdocs\AM-Euro\listbackend.php on line 170
[15-May-2025 04:07:40 Europe/Berlin] PHP Warning:  Undefined variable $allRecords in C:\xampp\htdocs\AM-Euro\listbackend.php on line 170
[15-May-2025 04:12:10 Europe/Berlin] PHP Warning:  Undefined variable $allRecords in C:\xampp\htdocs\AM-Euro\listbackend.php on line 170
[15-May-2025 04:13:27 Europe/Berlin] PHP Warning:  Undefined variable $allRecords in C:\xampp\htdocs\AM-Euro\listbackend.php on line 170
[15-May-2025 04:13:29 Europe/Berlin] PHP Warning:  Undefined variable $allRecords in C:\xampp\htdocs\AM-Euro\listbackend.php on line 170
[15-May-2025 04:16:50 Europe/Berlin] PHP Warning:  Undefined variable $allRecords in C:\xampp\htdocs\AM-Euro\listbackend.php on line 170
[15-May-2025 04:17:06 Europe/Berlin] PHP Warning:  Undefined variable $allRecords in C:\xampp\htdocs\AM-Euro\listbackend.php on line 170
[15-May-2025 04:17:56 Europe/Berlin] PHP Warning:  Undefined variable $allRecords in C:\xampp\htdocs\AM-Euro\listbackend.php on line 170
[15-May-2025 04:30:42 Europe/Berlin] PHP Warning:  Undefined variable $allRecords in C:\xampp\htdocs\AM-Euro\listbackend.php on line 170
[15-May-2025 05:07:48 Europe/Berlin] PHP Warning:  Undefined variable $allRecords in C:\xampp\htdocs\AM-Euro\listbackend.php on line 170
[15-May-2025 05:07:54 Europe/Berlin] PHP Warning:  Undefined variable $allRecords in C:\xampp\htdocs\AM-Euro\listbackend.php on line 170
[15-May-2025 06:18:28 Europe/Berlin] PHP Warning:  Undefined variable $allRecords in C:\xampp\htdocs\AM-Euro\listbackend.php on line 170
[15-May-2025 06:25:40 Europe/Berlin] PHP Warning:  Undefined variable $allRecords in C:\xampp\htdocs\AM-Euro\listbackend.php on line 170
[15-May-2025 06:25:41 Europe/Berlin] PHP Warning:  Undefined variable $allRecords in C:\xampp\htdocs\AM-Euro\listbackend.php on line 170
[15-May-2025 06:25:43 Europe/Berlin] PHP Warning:  Undefined variable $allRecords in C:\xampp\htdocs\AM-Euro\listbackend.php on line 170
[15-May-2025 06:25:44 Europe/Berlin] PHP Warning:  Undefined variable $allRecords in C:\xampp\htdocs\AM-Euro\listbackend.php on line 170
[15-May-2025 06:25:45 Europe/Berlin] PHP Warning:  Undefined variable $allRecords in C:\xampp\htdocs\AM-Euro\listbackend.php on line 170
[15-May-2025 06:25:48 Europe/Berlin] PHP Warning:  Undefined variable $allRecords in C:\xampp\htdocs\AM-Euro\listbackend.php on line 170
[15-May-2025 06:25:50 Europe/Berlin] PHP Warning:  Undefined variable $allRecords in C:\xampp\htdocs\AM-Euro\listbackend.php on line 170
[15-May-2025 06:26:06 Europe/Berlin] PHP Warning:  Undefined variable $allRecords in C:\xampp\htdocs\AM-Euro\listbackend.php on line 170
[15-May-2025 06:26:08 Europe/Berlin] PHP Warning:  Undefined variable $allRecords in C:\xampp\htdocs\AM-Euro\listbackend.php on line 170
[15-May-2025 07:01:55 Europe/Berlin] PHP Warning:  Undefined variable $allRecords in C:\xampp\htdocs\AM-Euro\listbackend.php on line 170
[15-May-2025 07:01:58 Europe/Berlin] PHP Warning:  Undefined variable $allRecords in C:\xampp\htdocs\AM-Euro\listbackend.php on line 170
[15-May-2025 07:02:45 Europe/Berlin] PHP Warning:  Undefined variable $allRecords in C:\xampp\htdocs\AM-Euro\listbackend.php on line 170
[15-May-2025 07:02:49 Europe/Berlin] PHP Warning:  Undefined variable $allRecords in C:\xampp\htdocs\AM-Euro\listbackend.php on line 170
[15-May-2025 07:05:15 Europe/Berlin] PHP Warning:  Undefined variable $allRecords in C:\xampp\htdocs\AM-Euro\listbackend.php on line 170
[15-May-2025 07:05:32 Europe/Berlin] PHP Warning:  Undefined variable $allRecords in C:\xampp\htdocs\AM-Euro\listbackend.php on line 170
[15-May-2025 07:10:10 Europe/Berlin] PHP Warning:  Undefined variable $allRecords in C:\xampp\htdocs\AM-Euro\listbackend.php on line 170
[15-May-2025 07:10:13 Europe/Berlin] PHP Warning:  Undefined variable $allRecords in C:\xampp\htdocs\AM-Euro\listbackend.php on line 170
[15-May-2025 07:10:51 Europe/Berlin] PHP Warning:  Undefined variable $allRecords in C:\xampp\htdocs\AM-Euro\listbackend.php on line 170
[15-May-2025 07:10:55 Europe/Berlin] PHP Warning:  Undefined variable $allRecords in C:\xampp\htdocs\AM-Euro\listbackend.php on line 170
[15-May-2025 07:10:57 Europe/Berlin] PHP Warning:  Undefined variable $allRecords in C:\xampp\htdocs\AM-Euro\listbackend.php on line 170
[15-May-2025 07:11:11 Europe/Berlin] PHP Warning:  Undefined variable $allRecords in C:\xampp\htdocs\AM-Euro\listbackend.php on line 170
[15-May-2025 07:11:13 Europe/Berlin] PHP Warning:  Undefined variable $allRecords in C:\xampp\htdocs\AM-Euro\listbackend.php on line 170
[15-May-2025 07:16:56 Europe/Berlin] PHP Warning:  Undefined variable $allRecords in C:\xampp\htdocs\AM-Euro\listbackend.php on line 170
[15-May-2025 07:17:44 Europe/Berlin] PHP Warning:  Undefined variable $allRecords in C:\xampp\htdocs\AM-Euro\listbackend.php on line 170
[15-May-2025 07:18:00 Europe/Berlin] PHP Warning:  Undefined variable $allRecords in C:\xampp\htdocs\AM-Euro\listbackend.php on line 170
[15-May-2025 07:18:18 Europe/Berlin] PHP Warning:  Undefined variable $allRecords in C:\xampp\htdocs\AM-Euro\listbackend.php on line 170
[15-May-2025 07:21:11 Europe/Berlin] PHP Warning:  Undefined variable $allRecords in C:\xampp\htdocs\AM-Euro\listbackend.php on line 170
[15-May-2025 07:24:12 Europe/Berlin] PHP Warning:  Undefined variable $allRecords in C:\xampp\htdocs\AM-Euro\listbackend.php on line 170
[15-May-2025 07:24:15 Europe/Berlin] PHP Warning:  Undefined variable $allRecords in C:\xampp\htdocs\AM-Euro\listbackend.php on line 170
[15-May-2025 07:35:57 Europe/Berlin] PHP Warning:  Undefined variable $allRecords in C:\xampp\htdocs\AM-Euro\listbackend.php on line 170
[15-May-2025 07:35:58 Europe/Berlin] PHP Warning:  Undefined variable $allRecords in C:\xampp\htdocs\AM-Euro\listbackend.php on line 170
[15-May-2025 07:35:59 Europe/Berlin] PHP Warning:  Undefined variable $allRecords in C:\xampp\htdocs\AM-Euro\listbackend.php on line 170
[15-May-2025 07:36:01 Europe/Berlin] PHP Warning:  Undefined variable $allRecords in C:\xampp\htdocs\AM-Euro\listbackend.php on line 170
[15-May-2025 07:38:37 Europe/Berlin] PHP Warning:  Undefined variable $allRecords in C:\xampp\htdocs\AM-Euro\listbackend.php on line 170
[15-May-2025 07:38:38 Europe/Berlin] PHP Warning:  Undefined variable $allRecords in C:\xampp\htdocs\AM-Euro\listbackend.php on line 170
[15-May-2025 07:38:39 Europe/Berlin] PHP Warning:  Undefined variable $allRecords in C:\xampp\htdocs\AM-Euro\listbackend.php on line 170
[15-May-2025 07:39:31 Europe/Berlin] PHP Warning:  Undefined variable $allRecords in C:\xampp\htdocs\AM-Euro\listbackend.php on line 170
[15-May-2025 07:40:17 Europe/Berlin] PHP Warning:  Undefined variable $allRecords in C:\xampp\htdocs\AM-Euro\listbackend.php on line 170
[15-May-2025 07:40:20 Europe/Berlin] PHP Warning:  Undefined variable $allRecords in C:\xampp\htdocs\AM-Euro\listbackend.php on line 170
[15-May-2025 07:58:14 Europe/Berlin] PHP Warning:  Undefined variable $allRecords in C:\xampp\htdocs\AM-Euro\listbackend.php on line 170
[15-May-2025 07:58:25 Europe/Berlin] PHP Warning:  Undefined variable $allRecords in C:\xampp\htdocs\AM-Euro\listbackend.php on line 170
[15-May-2025 08:01:21 Europe/Berlin] PHP Warning:  Undefined variable $allRecords in C:\xampp\htdocs\AM-Euro\listbackend.php on line 170
[15-May-2025 08:07:50 Europe/Berlin] PHP Warning:  Undefined variable $allRecords in C:\xampp\htdocs\AM-Euro\listbackend.php on line 170
[15-May-2025 08:07:53 Europe/Berlin] PHP Warning:  Undefined variable $allRecords in C:\xampp\htdocs\AM-Euro\listbackend.php on line 170
[15-May-2025 08:08:00 Europe/Berlin] PHP Warning:  Undefined variable $allRecords in C:\xampp\htdocs\AM-Euro\listbackend.php on line 170
[15-May-2025 08:08:19 Europe/Berlin] PHP Warning:  Undefined variable $allRecords in C:\xampp\htdocs\AM-Euro\listbackend.php on line 170
[15-May-2025 08:08:27 Europe/Berlin] PHP Warning:  Undefined variable $allRecords in C:\xampp\htdocs\AM-Euro\listbackend.php on line 170
[15-May-2025 08:08:39 Europe/Berlin] PHP Warning:  Undefined variable $allRecords in C:\xampp\htdocs\AM-Euro\listbackend.php on line 170
[15-May-2025 08:08:43 Europe/Berlin] PHP Warning:  Undefined variable $allRecords in C:\xampp\htdocs\AM-Euro\listbackend.php on line 170
[15-May-2025 08:09:12 Europe/Berlin] PHP Warning:  Undefined variable $allRecords in C:\xampp\htdocs\AM-Euro\listbackend.php on line 170
[15-May-2025 08:09:14 Europe/Berlin] PHP Warning:  Undefined variable $allRecords in C:\xampp\htdocs\AM-Euro\listbackend.php on line 170
[15-May-2025 08:12:36 Europe/Berlin] PHP Warning:  Undefined variable $allRecords in C:\xampp\htdocs\AM-Euro\listbackend.php on line 170
[15-May-2025 08:12:38 Europe/Berlin] PHP Warning:  Undefined variable $allRecords in C:\xampp\htdocs\AM-Euro\listbackend.php on line 170
[15-May-2025 08:13:03 Europe/Berlin] PHP Warning:  Undefined variable $allRecords in C:\xampp\htdocs\AM-Euro\listbackend.php on line 170
[15-May-2025 08:17:45 Europe/Berlin] PHP Warning:  Undefined variable $allRecords in C:\xampp\htdocs\AM-Euro\listbackend.php on line 170
[15-May-2025 16:05:20 Europe/Berlin] PHP Warning:  Undefined variable $allRecords in C:\xampp\htdocs\AM-Euro\listbackend.php on line 170
[15-May-2025 16:11:45 Europe/Berlin] PHP Warning:  Undefined variable $allRecords in C:\xampp\htdocs\AM-Euro\listbackend.php on line 170
[15-May-2025 16:13:42 Europe/Berlin] PHP Warning:  Undefined variable $allRecords in C:\xampp\htdocs\AM-Euro\listbackend.php on line 170
[15-May-2025 16:18:58 Europe/Berlin] PHP Warning:  Undefined variable $allRecords in C:\xampp\htdocs\AM-Euro\listbackend.php on line 170
[15-May-2025 16:22:44 Europe/Berlin] PHP Warning:  Undefined variable $allRecords in C:\xampp\htdocs\AM-Euro\listbackend.php on line 170
[15-May-2025 16:23:13 Europe/Berlin] PHP Warning:  Undefined variable $allRecords in C:\xampp\htdocs\AM-Euro\listbackend.php on line 170
[15-May-2025 16:23:21 Europe/Berlin] PHP Warning:  Undefined variable $allRecords in C:\xampp\htdocs\AM-Euro\listbackend.php on line 170
[15-May-2025 16:23:50 Europe/Berlin] PHP Warning:  Undefined variable $allRecords in C:\xampp\htdocs\AM-Euro\listbackend.php on line 170
[15-May-2025 16:23:56 Europe/Berlin] PHP Warning:  Undefined variable $allRecords in C:\xampp\htdocs\AM-Euro\listbackend.php on line 170
[15-May-2025 16:24:01 Europe/Berlin] PHP Warning:  Undefined variable $allRecords in C:\xampp\htdocs\AM-Euro\listbackend.php on line 170
[15-May-2025 16:24:16 Europe/Berlin] PHP Warning:  Undefined variable $allRecords in C:\xampp\htdocs\AM-Euro\listbackend.php on line 170
[15-May-2025 16:24:39 Europe/Berlin] PHP Warning:  Undefined variable $allRecords in C:\xampp\htdocs\AM-Euro\listbackend.php on line 170
[15-May-2025 16:24:53 Europe/Berlin] PHP Warning:  Undefined variable $allRecords in C:\xampp\htdocs\AM-Euro\listbackend.php on line 170
[15-May-2025 16:25:09 Europe/Berlin] PHP Warning:  Undefined variable $allRecords in C:\xampp\htdocs\AM-Euro\listbackend.php on line 170
[15-May-2025 16:25:15 Europe/Berlin] PHP Warning:  Undefined variable $allRecords in C:\xampp\htdocs\AM-Euro\listbackend.php on line 170
[15-May-2025 16:30:41 Europe/Berlin] PHP Warning:  Undefined variable $allRecords in C:\xampp\htdocs\AM-Euro\listbackend.php on line 170
[15-May-2025 16:30:45 Europe/Berlin] PHP Warning:  Undefined variable $allRecords in C:\xampp\htdocs\AM-Euro\listbackend.php on line 170
[15-May-2025 16:30:47 Europe/Berlin] PHP Warning:  Undefined variable $allRecords in C:\xampp\htdocs\AM-Euro\listbackend.php on line 170
[15-May-2025 16:34:03 Europe/Berlin] PHP Warning:  Undefined variable $allRecords in C:\xampp\htdocs\AM-Euro\listbackend.php on line 170
[15-May-2025 16:38:26 Europe/Berlin] PHP Warning:  Undefined variable $allRecords in C:\xampp\htdocs\AM-Euro\listbackend.php on line 170
[15-May-2025 16:38:53 Europe/Berlin] PHP Warning:  Undefined variable $allRecords in C:\xampp\htdocs\AM-Euro\listbackend.php on line 170
[15-May-2025 16:38:55 Europe/Berlin] PHP Warning:  Undefined variable $allRecords in C:\xampp\htdocs\AM-Euro\listbackend.php on line 170
[15-May-2025 23:31:52 Europe/Berlin] PHP Warning:  Undefined variable $allRecords in C:\xampp\htdocs\AM-Euro\listbackend.php on line 170
[15-May-2025 23:37:56 Europe/Berlin] PHP Warning:  Undefined variable $allRecords in C:\xampp\htdocs\AM-Euro\listbackend.php on line 170
[15-May-2025 23:38:00 Europe/Berlin] PHP Warning:  Undefined variable $allRecords in C:\xampp\htdocs\AM-Euro\listbackend.php on line 170
[16-May-2025 01:58:41 Europe/Berlin] PHP Warning:  Undefined variable $allRecords in C:\xampp\htdocs\AM-Euro\listbackend.php on line 170
[16-May-2025 01:58:45 Europe/Berlin] PHP Warning:  Undefined variable $allRecords in C:\xampp\htdocs\AM-Euro\listbackend.php on line 170
[16-May-2025 01:58:47 Europe/Berlin] PHP Warning:  Undefined variable $allRecords in C:\xampp\htdocs\AM-Euro\listbackend.php on line 170
[16-May-2025 01:58:51 Europe/Berlin] PHP Warning:  Undefined variable $allRecords in C:\xampp\htdocs\AM-Euro\listbackend.php on line 170
[16-May-2025 02:02:51 Europe/Berlin] PHP Warning:  Undefined variable $allRecords in C:\xampp\htdocs\AM-Euro\listbackend.php on line 170
[16-May-2025 02:02:54 Europe/Berlin] PHP Warning:  Undefined variable $allRecords in C:\xampp\htdocs\AM-Euro\listbackend.php on line 170
[16-May-2025 02:03:02 Europe/Berlin] PHP Warning:  Undefined variable $allRecords in C:\xampp\htdocs\AM-Euro\listbackend.php on line 170
[16-May-2025 02:03:06 Europe/Berlin] PHP Warning:  Undefined variable $allRecords in C:\xampp\htdocs\AM-Euro\listbackend.php on line 170
[16-May-2025 02:03:08 Europe/Berlin] PHP Warning:  Undefined variable $allRecords in C:\xampp\htdocs\AM-Euro\listbackend.php on line 170
[16-May-2025 02:03:12 Europe/Berlin] PHP Warning:  Undefined variable $allRecords in C:\xampp\htdocs\AM-Euro\listbackend.php on line 170
[16-May-2025 02:03:14 Europe/Berlin] PHP Warning:  Undefined variable $allRecords in C:\xampp\htdocs\AM-Euro\listbackend.php on line 170
[16-May-2025 02:03:18 Europe/Berlin] PHP Warning:  Undefined variable $allRecords in C:\xampp\htdocs\AM-Euro\listbackend.php on line 170
[16-May-2025 02:03:52 Europe/Berlin] PHP Warning:  Undefined variable $allRecords in C:\xampp\htdocs\AM-Euro\listbackend.php on line 170
[16-May-2025 02:03:56 Europe/Berlin] PHP Warning:  Undefined variable $allRecords in C:\xampp\htdocs\AM-Euro\listbackend.php on line 170
[16-May-2025 02:12:40 Europe/Berlin] PHP Warning:  Undefined variable $allRecords in C:\xampp\htdocs\AM-Euro\listbackend.php on line 170
[16-May-2025 02:13:57 Europe/Berlin] PHP Warning:  Undefined variable $allRecords in C:\xampp\htdocs\AM-Euro\listbackend.php on line 170
[16-May-2025 02:24:42 Europe/Berlin] PHP Warning:  Undefined variable $allRecords in C:\xampp\htdocs\AM-Euro\listbackend.php on line 170
[16-May-2025 02:24:44 Europe/Berlin] PHP Warning:  Undefined variable $allRecords in C:\xampp\htdocs\AM-Euro\listbackend.php on line 170
[16-May-2025 02:26:17 Europe/Berlin] PHP Warning:  Undefined variable $allRecords in C:\xampp\htdocs\AM-Euro\listbackend.php on line 170
[16-May-2025 02:26:49 Europe/Berlin] PHP Warning:  Undefined variable $allRecords in C:\xampp\htdocs\AM-Euro\listbackend.php on line 170
[16-May-2025 02:28:15 Europe/Berlin] PHP Warning:  Undefined variable $allRecords in C:\xampp\htdocs\AM-Euro\listbackend.php on line 170
[16-May-2025 02:28:37 Europe/Berlin] PHP Warning:  Undefined variable $allRecords in C:\xampp\htdocs\AM-Euro\listbackend.php on line 170
[16-May-2025 02:28:58 Europe/Berlin] PHP Warning:  Undefined variable $allRecords in C:\xampp\htdocs\AM-Euro\listbackend.php on line 170
[16-May-2025 02:40:54 Europe/Berlin] PHP Warning:  Undefined variable $allRecords in C:\xampp\htdocs\AM-Euro\listbackend.php on line 170
[16-May-2025 02:45:12 Europe/Berlin] PHP Warning:  Undefined variable $allRecords in C:\xampp\htdocs\AM-Euro\listbackend.php on line 170
[16-May-2025 02:48:04 Europe/Berlin] PHP Warning:  Undefined variable $allRecords in C:\xampp\htdocs\AM-Euro\listbackend.php on line 170
[16-May-2025 03:28:47 Europe/Berlin] PHP Warning:  Undefined variable $allRecords in C:\xampp\htdocs\AM-Euro\listbackend.php on line 170
[16-May-2025 03:29:24 Europe/Berlin] PHP Warning:  Undefined variable $allRecords in C:\xampp\htdocs\AM-Euro\listbackend.php on line 170
[16-May-2025 03:42:20 Europe/Berlin] PHP Warning:  Undefined variable $allRecords in C:\xampp\htdocs\AM-Euro\listbackend.php on line 170
[16-May-2025 03:42:43 Europe/Berlin] PHP Warning:  Undefined variable $allRecords in C:\xampp\htdocs\AM-Euro\listbackend.php on line 170
[16-May-2025 03:42:51 Europe/Berlin] PHP Warning:  Undefined variable $allRecords in C:\xampp\htdocs\AM-Euro\listbackend.php on line 170
[16-May-2025 03:43:39 Europe/Berlin] PHP Warning:  Undefined variable $allRecords in C:\xampp\htdocs\AM-Euro\listbackend.php on line 170
[16-May-2025 03:43:49 Europe/Berlin] PHP Warning:  Undefined variable $allRecords in C:\xampp\htdocs\AM-Euro\listbackend.php on line 170
[16-May-2025 03:43:50 Europe/Berlin] PHP Warning:  Undefined variable $allRecords in C:\xampp\htdocs\AM-Euro\listbackend.php on line 170
[16-May-2025 03:44:17 Europe/Berlin] PHP Warning:  Undefined variable $allRecords in C:\xampp\htdocs\AM-Euro\listbackend.php on line 170
[16-May-2025 03:44:25 Europe/Berlin] PHP Warning:  Undefined variable $allRecords in C:\xampp\htdocs\AM-Euro\listbackend.php on line 170
[16-May-2025 03:44:32 Europe/Berlin] PHP Warning:  Undefined variable $allRecords in C:\xampp\htdocs\AM-Euro\listbackend.php on line 170
[16-May-2025 03:44:33 Europe/Berlin] PHP Warning:  Undefined variable $allRecords in C:\xampp\htdocs\AM-Euro\listbackend.php on line 170
[16-May-2025 03:44:34 Europe/Berlin] PHP Warning:  Undefined variable $allRecords in C:\xampp\htdocs\AM-Euro\listbackend.php on line 170
[16-May-2025 03:44:42 Europe/Berlin] PHP Warning:  Undefined variable $allRecords in C:\xampp\htdocs\AM-Euro\listbackend.php on line 170
[16-May-2025 03:44:49 Europe/Berlin] PHP Warning:  Undefined variable $allRecords in C:\xampp\htdocs\AM-Euro\listbackend.php on line 170
[16-May-2025 03:44:57 Europe/Berlin] PHP Warning:  Undefined variable $allRecords in C:\xampp\htdocs\AM-Euro\listbackend.php on line 170
[16-May-2025 03:45:10 Europe/Berlin] PHP Warning:  Undefined variable $allRecords in C:\xampp\htdocs\AM-Euro\listbackend.php on line 170
[16-May-2025 03:45:34 Europe/Berlin] PHP Warning:  Undefined variable $allRecords in C:\xampp\htdocs\AM-Euro\listbackend.php on line 170
[16-May-2025 03:45:51 Europe/Berlin] PHP Warning:  Undefined variable $allRecords in C:\xampp\htdocs\AM-Euro\listbackend.php on line 170
[16-May-2025 03:46:06 Europe/Berlin] PHP Warning:  Undefined variable $allRecords in C:\xampp\htdocs\AM-Euro\listbackend.php on line 170
[16-May-2025 03:49:41 Europe/Berlin] PHP Warning:  Undefined variable $allRecords in C:\xampp\htdocs\AM-Euro\listbackend.php on line 170
[16-May-2025 03:49:43 Europe/Berlin] PHP Warning:  Undefined variable $allRecords in C:\xampp\htdocs\AM-Euro\listbackend.php on line 170
[16-May-2025 03:56:20 Europe/Berlin] PHP Warning:  Undefined variable $allRecords in C:\xampp\htdocs\AM-Euro\listbackend.php on line 170
[16-May-2025 03:56:25 Europe/Berlin] PHP Warning:  Undefined variable $allRecords in C:\xampp\htdocs\AM-Euro\listbackend.php on line 170
[16-May-2025 03:56:25 Europe/Berlin] PHP Warning:  Undefined variable $allRecords in C:\xampp\htdocs\AM-Euro\listbackend.php on line 170
[16-May-2025 03:56:26 Europe/Berlin] PHP Warning:  Undefined variable $allRecords in C:\xampp\htdocs\AM-Euro\listbackend.php on line 170
[16-May-2025 03:56:28 Europe/Berlin] PHP Warning:  Undefined variable $allRecords in C:\xampp\htdocs\AM-Euro\listbackend.php on line 170
[16-May-2025 03:56:34 Europe/Berlin] PHP Warning:  Undefined variable $allRecords in C:\xampp\htdocs\AM-Euro\listbackend.php on line 170
[16-May-2025 03:56:35 Europe/Berlin] PHP Warning:  Undefined variable $allRecords in C:\xampp\htdocs\AM-Euro\listbackend.php on line 170
[16-May-2025 03:57:58 Europe/Berlin] PHP Warning:  Undefined variable $allRecords in C:\xampp\htdocs\AM-Euro\listbackend.php on line 170
[16-May-2025 04:00:30 Europe/Berlin] PHP Warning:  Undefined variable $allRecords in C:\xampp\htdocs\AM-Euro\listbackend.php on line 170
[16-May-2025 04:00:45 Europe/Berlin] PHP Warning:  Undefined variable $allRecords in C:\xampp\htdocs\AM-Euro\listbackend.php on line 170
[16-May-2025 04:02:46 Europe/Berlin] PHP Warning:  Undefined variable $allRecords in C:\xampp\htdocs\AM-Euro\listbackend.php on line 170
[16-May-2025 04:02:59 Europe/Berlin] PHP Warning:  Undefined variable $allRecords in C:\xampp\htdocs\AM-Euro\listbackend.php on line 170
[16-May-2025 04:03:16 Europe/Berlin] PHP Warning:  Undefined variable $allRecords in C:\xampp\htdocs\AM-Euro\listbackend.php on line 170
[16-May-2025 04:03:19 Europe/Berlin] PHP Warning:  Undefined variable $allRecords in C:\xampp\htdocs\AM-Euro\listbackend.php on line 170
[16-May-2025 04:03:20 Europe/Berlin] PHP Warning:  Undefined variable $allRecords in C:\xampp\htdocs\AM-Euro\listbackend.php on line 170
[16-May-2025 04:05:19 Europe/Berlin] PHP Warning:  Undefined variable $allRecords in C:\xampp\htdocs\AM-Euro\listbackend.php on line 170
[16-May-2025 04:06:45 Europe/Berlin] PHP Warning:  Undefined variable $allRecords in C:\xampp\htdocs\AM-Euro\listbackend.php on line 170
[16-May-2025 04:07:29 Europe/Berlin] PHP Warning:  Undefined variable $allRecords in C:\xampp\htdocs\AM-Euro\listbackend.php on line 170
[16-May-2025 04:08:57 Europe/Berlin] PHP Warning:  Undefined variable $allRecords in C:\xampp\htdocs\AM-Euro\listbackend.php on line 170
[16-May-2025 04:09:09 Europe/Berlin] PHP Warning:  Undefined variable $allRecords in C:\xampp\htdocs\AM-Euro\listbackend.php on line 170
[16-May-2025 04:09:16 Europe/Berlin] PHP Warning:  Undefined variable $allRecords in C:\xampp\htdocs\AM-Euro\listbackend.php on line 170
